<?xml version="1.0" encoding="UTF-8"?>
<coverage generated="1701086712470" clover="3.2.0">
  <project timestamp="1701086712471" name="All files">
    <metrics statements="50" coveredstatements="50" conditionals="36" coveredconditionals="36" methods="10" coveredmethods="10" elements="96" coveredelements="96" complexity="0" loc="50" ncloc="50" packages="1" files="1" classes="1"/>
    <file name="validate.js" path="C:\Users\Naim\Desktop\Food-Order-System\validate.js">
      <metrics statements="50" coveredstatements="50" conditionals="36" coveredconditionals="36" methods="10" coveredmethods="10"/>
      <line num="1" count="1" type="stmt"/>
      <line num="10" count="1" type="stmt"/>
      <line num="22" count="2" type="stmt"/>
      <line num="23" count="2" type="cond" truecount="2" falsecount="0"/>
      <line num="24" count="1" type="stmt"/>
      <line num="27" count="1" type="stmt"/>
      <line num="32" count="2" type="stmt"/>
      <line num="33" count="2" type="cond" truecount="2" falsecount="0"/>
      <line num="34" count="1" type="stmt"/>
      <line num="37" count="1" type="stmt"/>
      <line num="42" count="2" type="stmt"/>
      <line num="43" count="2" type="cond" truecount="2" falsecount="0"/>
      <line num="44" count="1" type="stmt"/>
      <line num="47" count="1" type="stmt"/>
      <line num="52" count="3" type="cond" truecount="2" falsecount="0"/>
      <line num="53" count="2" type="stmt"/>
      <line num="56" count="1" type="stmt"/>
      <line num="61" count="4" type="stmt"/>
      <line num="62" count="465" type="cond" truecount="2" falsecount="0"/>
      <line num="63" count="1" type="stmt"/>
      <line num="66" count="3" type="stmt"/>
      <line num="70" count="28" type="cond" truecount="4" falsecount="0"/>
      <line num="71" count="6" type="stmt"/>
      <line num="73" count="22" type="cond" truecount="4" falsecount="0"/>
      <line num="74" count="6" type="stmt"/>
      <line num="76" count="16" type="cond" truecount="4" falsecount="0"/>
      <line num="77" count="4" type="stmt"/>
      <line num="79" count="12" type="stmt"/>
      <line num="83" count="14" type="cond" truecount="4" falsecount="0"/>
      <line num="84" count="3" type="stmt"/>
      <line num="86" count="11" type="cond" truecount="2" falsecount="0"/>
      <line num="87" count="1" type="stmt"/>
      <line num="89" count="10" type="stmt"/>
      <line num="90" count="10" type="stmt"/>
      <line num="91" count="18" type="stmt"/>
      <line num="92" count="18" type="cond" truecount="2" falsecount="0"/>
      <line num="93" count="8" type="stmt"/>
      <line num="95" count="10" type="stmt"/>
      <line num="97" count="2" type="stmt"/>
      <line num="101" count="4" type="stmt"/>
      <line num="102" count="4" type="cond" truecount="2" falsecount="0"/>
      <line num="103" count="1" type="stmt"/>
      <line num="105" count="3" type="stmt"/>
      <line num="106" count="8" type="cond" truecount="2" falsecount="0"/>
      <line num="107" count="1" type="stmt"/>
      <line num="109" count="7" type="stmt"/>
      <line num="111" count="2" type="cond" truecount="2" falsecount="0"/>
      <line num="112" count="1" type="stmt"/>
      <line num="114" count="1" type="stmt"/>
      <line num="117" count="1" type="stmt"/>
    </file>
  </project>
</coverage>
