{"C:\\Users\\Naim\\Desktop\\Food-Order-System\\validate.js": {"path":"C:\\Users\\Naim\\Desktop\\Food-Order-System\\validate.js","statementMap":{"0":{"start":{"line":1,"column":12},"end":{"line":8,"column":1}},"1":{"start":{"line":10,"column":12},"end":{"line":19,"column":1}},"2":{"start":{"line":22,"column":4},"end":{"line":22,"column":58}},"3":{"start":{"line":22,"column":38},"end":{"line":22,"column":56}},"4":{"start":{"line":23,"column":4},"end":{"line":28,"column":5}},"5":{"start":{"line":24,"column":8},"end":{"line":24,"column":39}},"6":{"start":{"line":27,"column":8},"end":{"line":27,"column":38}},"7":{"start":{"line":32,"column":4},"end":{"line":32,"column":60}},"8":{"start":{"line":32,"column":38},"end":{"line":32,"column":58}},"9":{"start":{"line":33,"column":4},"end":{"line":38,"column":5}},"10":{"start":{"line":34,"column":8},"end":{"line":34,"column":40}},"11":{"start":{"line":37,"column":8},"end":{"line":37,"column":39}},"12":{"start":{"line":42,"column":23},"end":{"line":42,"column":42}},"13":{"start":{"line":43,"column":4},"end":{"line":48,"column":5}},"14":{"start":{"line":44,"column":8},"end":{"line":44,"column":31}},"15":{"start":{"line":47,"column":8},"end":{"line":47,"column":33}},"16":{"start":{"line":52,"column":4},"end":{"line":57,"column":5}},"17":{"start":{"line":53,"column":8},"end":{"line":53,"column":25}},"18":{"start":{"line":56,"column":8},"end":{"line":56,"column":25}},"19":{"start":{"line":61,"column":4},"end":{"line":65,"column":5}},"20":{"start":{"line":61,"column":14},"end":{"line":61,"column":15}},"21":{"start":{"line":62,"column":8},"end":{"line":64,"column":9}},"22":{"start":{"line":63,"column":12},"end":{"line":63,"column":29}},"23":{"start":{"line":66,"column":4},"end":{"line":66,"column":21}},"24":{"start":{"line":70,"column":4},"end":{"line":72,"column":5}},"25":{"start":{"line":71,"column":8},"end":{"line":71,"column":36}},"26":{"start":{"line":73,"column":4},"end":{"line":75,"column":5}},"27":{"start":{"line":74,"column":8},"end":{"line":74,"column":31}},"28":{"start":{"line":76,"column":4},"end":{"line":78,"column":5}},"29":{"start":{"line":77,"column":8},"end":{"line":77,"column":41}},"30":{"start":{"line":79,"column":4},"end":{"line":79,"column":21}},"31":{"start":{"line":83,"column":4},"end":{"line":85,"column":5}},"32":{"start":{"line":84,"column":8},"end":{"line":84,"column":28}},"33":{"start":{"line":86,"column":4},"end":{"line":88,"column":5}},"34":{"start":{"line":87,"column":8},"end":{"line":87,"column":35}},"35":{"start":{"line":89,"column":19},"end":{"line":89,"column":21}},"36":{"start":{"line":90,"column":4},"end":{"line":96,"column":5}},"37":{"start":{"line":90,"column":14},"end":{"line":90,"column":15}},"38":{"start":{"line":91,"column":20},"end":{"line":91,"column":55}},"39":{"start":{"line":92,"column":8},"end":{"line":94,"column":9}},"40":{"start":{"line":93,"column":12},"end":{"line":93,"column":24}},"41":{"start":{"line":95,"column":8},"end":{"line":95,"column":28}},"42":{"start":{"line":97,"column":4},"end":{"line":97,"column":19}},"43":{"start":{"line":101,"column":14},"end":{"line":101,"column":15}},"44":{"start":{"line":102,"column":4},"end":{"line":104,"column":5}},"45":{"start":{"line":103,"column":8},"end":{"line":103,"column":30}},"46":{"start":{"line":105,"column":4},"end":{"line":110,"column":5}},"47":{"start":{"line":105,"column":14},"end":{"line":105,"column":15}},"48":{"start":{"line":106,"column":8},"end":{"line":108,"column":9}},"49":{"start":{"line":107,"column":12},"end":{"line":107,"column":40}},"50":{"start":{"line":109,"column":8},"end":{"line":109,"column":28}},"51":{"start":{"line":111,"column":4},"end":{"line":113,"column":5}},"52":{"start":{"line":112,"column":8},"end":{"line":112,"column":31}},"53":{"start":{"line":114,"column":4},"end":{"line":114,"column":14}},"54":{"start":{"line":117,"column":0},"end":{"line":117,"column":144}}},"fnMap":{"0":{"name":"checkNameExists","decl":{"start":{"line":21,"column":9},"end":{"line":21,"column":24}},"loc":{"start":{"line":21,"column":30},"end":{"line":29,"column":1}},"line":21},"1":{"name":"(anonymous_1)","decl":{"start":{"line":22,"column":28},"end":{"line":22,"column":29}},"loc":{"start":{"line":22,"column":38},"end":{"line":22,"column":56}},"line":22},"2":{"name":"checkEmailExists","decl":{"start":{"line":31,"column":9},"end":{"line":31,"column":25}},"loc":{"start":{"line":31,"column":32},"end":{"line":39,"column":1}},"line":31},"3":{"name":"(anonymous_3)","decl":{"start":{"line":32,"column":28},"end":{"line":32,"column":29}},"loc":{"start":{"line":32,"column":38},"end":{"line":32,"column":58}},"line":32},"4":{"name":"checkEmailUSIU","decl":{"start":{"line":41,"column":9},"end":{"line":41,"column":23}},"loc":{"start":{"line":41,"column":30},"end":{"line":49,"column":1}},"line":41},"5":{"name":"checkPassword","decl":{"start":{"line":51,"column":9},"end":{"line":51,"column":22}},"loc":{"start":{"line":51,"column":32},"end":{"line":58,"column":1}},"line":51},"6":{"name":"checkRoom","decl":{"start":{"line":60,"column":9},"end":{"line":60,"column":18}},"loc":{"start":{"line":60,"column":24},"end":{"line":67,"column":1}},"line":60},"7":{"name":"calculatePrice","decl":{"start":{"line":69,"column":9},"end":{"line":69,"column":23}},"loc":{"start":{"line":69,"column":36},"end":{"line":80,"column":1}},"line":69},"8":{"name":"calculatePrices","decl":{"start":{"line":82,"column":9},"end":{"line":82,"column":24}},"loc":{"start":{"line":82,"column":39},"end":{"line":98,"column":1}},"line":82},"9":{"name":"calculateTotal","decl":{"start":{"line":100,"column":9},"end":{"line":100,"column":23}},"loc":{"start":{"line":100,"column":35},"end":{"line":115,"column":1}},"line":100}},"branchMap":{"0":{"loc":{"start":{"line":23,"column":4},"end":{"line":28,"column":5}},"type":"if","locations":[{"start":{"line":23,"column":4},"end":{"line":28,"column":5}},{"start":{"line":26,"column":8},"end":{"line":28,"column":5}}],"line":23},"1":{"loc":{"start":{"line":33,"column":4},"end":{"line":38,"column":5}},"type":"if","locations":[{"start":{"line":33,"column":4},"end":{"line":38,"column":5}},{"start":{"line":36,"column":8},"end":{"line":38,"column":5}}],"line":33},"2":{"loc":{"start":{"line":43,"column":4},"end":{"line":48,"column":5}},"type":"if","locations":[{"start":{"line":43,"column":4},"end":{"line":48,"column":5}},{"start":{"line":46,"column":8},"end":{"line":48,"column":5}}],"line":43},"3":{"loc":{"start":{"line":52,"column":4},"end":{"line":57,"column":5}},"type":"if","locations":[{"start":{"line":52,"column":4},"end":{"line":57,"column":5}},{"start":{"line":55,"column":8},"end":{"line":57,"column":5}}],"line":52},"4":{"loc":{"start":{"line":62,"column":8},"end":{"line":64,"column":9}},"type":"if","locations":[{"start":{"line":62,"column":8},"end":{"line":64,"column":9}},{"start":{},"end":{}}],"line":62},"5":{"loc":{"start":{"line":70,"column":4},"end":{"line":72,"column":5}},"type":"if","locations":[{"start":{"line":70,"column":4},"end":{"line":72,"column":5}},{"start":{},"end":{}}],"line":70},"6":{"loc":{"start":{"line":70,"column":7},"end":{"line":70,"column":58}},"type":"binary-expr","locations":[{"start":{"line":70,"column":7},"end":{"line":70,"column":31}},{"start":{"line":70,"column":35},"end":{"line":70,"column":58}}],"line":70},"7":{"loc":{"start":{"line":73,"column":4},"end":{"line":75,"column":5}},"type":"if","locations":[{"start":{"line":73,"column":4},"end":{"line":75,"column":5}},{"start":{},"end":{}}],"line":73},"8":{"loc":{"start":{"line":73,"column":7},"end":{"line":73,"column":29}},"type":"binary-expr","locations":[{"start":{"line":73,"column":7},"end":{"line":73,"column":15}},{"start":{"line":73,"column":19},"end":{"line":73,"column":29}}],"line":73},"9":{"loc":{"start":{"line":76,"column":4},"end":{"line":78,"column":5}},"type":"if","locations":[{"start":{"line":76,"column":4},"end":{"line":78,"column":5}},{"start":{},"end":{}}],"line":76},"10":{"loc":{"start":{"line":76,"column":7},"end":{"line":76,"column":24}},"type":"binary-expr","locations":[{"start":{"line":76,"column":7},"end":{"line":76,"column":13}},{"start":{"line":76,"column":17},"end":{"line":76,"column":24}}],"line":76},"11":{"loc":{"start":{"line":83,"column":4},"end":{"line":85,"column":5}},"type":"if","locations":[{"start":{"line":83,"column":4},"end":{"line":85,"column":5}},{"start":{},"end":{}}],"line":83},"12":{"loc":{"start":{"line":83,"column":7},"end":{"line":83,"column":64}},"type":"binary-expr","locations":[{"start":{"line":83,"column":7},"end":{"line":83,"column":34}},{"start":{"line":83,"column":38},"end":{"line":83,"column":64}}],"line":83},"13":{"loc":{"start":{"line":86,"column":4},"end":{"line":88,"column":5}},"type":"if","locations":[{"start":{"line":86,"column":4},"end":{"line":88,"column":5}},{"start":{},"end":{}}],"line":86},"14":{"loc":{"start":{"line":92,"column":8},"end":{"line":94,"column":9}},"type":"if","locations":[{"start":{"line":92,"column":8},"end":{"line":94,"column":9}},{"start":{},"end":{}}],"line":92},"15":{"loc":{"start":{"line":102,"column":4},"end":{"line":104,"column":5}},"type":"if","locations":[{"start":{"line":102,"column":4},"end":{"line":104,"column":5}},{"start":{},"end":{}}],"line":102},"16":{"loc":{"start":{"line":106,"column":8},"end":{"line":108,"column":9}},"type":"if","locations":[{"start":{"line":106,"column":8},"end":{"line":108,"column":9}},{"start":{},"end":{}}],"line":106},"17":{"loc":{"start":{"line":111,"column":4},"end":{"line":113,"column":5}},"type":"if","locations":[{"start":{"line":111,"column":4},"end":{"line":113,"column":5}},{"start":{},"end":{}}],"line":111}},"s":{"0":1,"1":1,"2":2,"3":2,"4":2,"5":1,"6":1,"7":2,"8":2,"9":2,"10":1,"11":1,"12":2,"13":2,"14":1,"15":1,"16":3,"17":2,"18":1,"19":4,"20":4,"21":465,"22":1,"23":3,"24":28,"25":6,"26":22,"27":6,"28":16,"29":4,"30":12,"31":14,"32":3,"33":11,"34":1,"35":10,"36":10,"37":10,"38":18,"39":18,"40":8,"41":10,"42":2,"43":4,"44":4,"45":1,"46":3,"47":3,"48":8,"49":1,"50":7,"51":2,"52":1,"53":1,"54":1},"f":{"0":2,"1":2,"2":2,"3":2,"4":2,"5":3,"6":4,"7":28,"8":14,"9":4},"b":{"0":[1,1],"1":[1,1],"2":[1,1],"3":[2,1],"4":[1,464],"5":[6,22],"6":[28,25],"7":[6,16],"8":[22,18],"9":[4,12],"10":[16,14],"11":[3,11],"12":[14,11],"13":[1,10],"14":[8,10],"15":[1,3],"16":[1,7],"17":[1,1]},"_coverageSchema":"1a1c01bbd47fc00a2c39e90264f33305004495a9","hash":"d679e10bb0795e0aab27c1081d061f8e72b13a35"}
}
