TN:
SF:validate.js
FN:21,checkNameExists
FN:22,(anonymous_1)
FN:31,checkEmailExists
FN:32,(anonymous_3)
FN:41,checkEmailUSIU
FN:51,checkPassword
FN:60,checkRoom
FN:69,calculatePrice
FN:82,calculatePrices
FN:100,calculateTotal
FNF:10
FNH:10
FNDA:2,checkNameExists
FNDA:2,(anonymous_1)
FNDA:2,checkEmailExists
FNDA:2,(anonymous_3)
FNDA:2,checkEmailUSIU
FNDA:3,checkPassword
FNDA:4,checkRoom
FNDA:28,calculatePrice
FNDA:14,calculatePrices
FNDA:4,calculateTotal
DA:1,1
DA:10,1
DA:22,2
DA:23,2
DA:24,1
DA:27,1
DA:32,2
DA:33,2
DA:34,1
DA:37,1
DA:42,2
DA:43,2
DA:44,1
DA:47,1
DA:52,3
DA:53,2
DA:56,1
DA:61,4
DA:62,465
DA:63,1
DA:66,3
DA:70,28
DA:71,6
DA:73,22
DA:74,6
DA:76,16
DA:77,4
DA:79,12
DA:83,14
DA:84,3
DA:86,11
DA:87,1
DA:89,10
DA:90,10
DA:91,18
DA:92,18
DA:93,8
DA:95,10
DA:97,2
DA:101,4
DA:102,4
DA:103,1
DA:105,3
DA:106,8
DA:107,1
DA:109,7
DA:111,2
DA:112,1
DA:114,1
DA:117,1
LF:50
LH:50
BRDA:23,0,0,1
BRDA:23,0,1,1
BRDA:33,1,0,1
BRDA:33,1,1,1
BRDA:43,2,0,1
BRDA:43,2,1,1
BRDA:52,3,0,2
BRDA:52,3,1,1
BRDA:62,4,0,1
BRDA:62,4,1,464
BRDA:70,5,0,6
BRDA:70,5,1,22
BRDA:70,6,0,28
BRDA:70,6,1,25
BRDA:73,7,0,6
BRDA:73,7,1,16
BRDA:73,8,0,22
BRDA:73,8,1,18
BRDA:76,9,0,4
BRDA:76,9,1,12
BRDA:76,10,0,16
BRDA:76,10,1,14
BRDA:83,11,0,3
BRDA:83,11,1,11
BRDA:83,12,0,14
BRDA:83,12,1,11
BRDA:86,13,0,1
BRDA:86,13,1,10
BRDA:92,14,0,8
BRDA:92,14,1,10
BRDA:102,15,0,1
BRDA:102,15,1,3
BRDA:106,16,0,1
BRDA:106,16,1,7
BRDA:111,17,0,1
BRDA:111,17,1,1
BRF:36
BRH:36
end_of_record
